========== 2025-08-05 07:38:58 ==========
Mensaje de commit (dejar vacío para 'Auto-commit'): Haciendo commit...
[main c76afb9] Patata: 2025-08-05 07:38:58
 6 files changed, 411 insertions(+), 291 deletions(-)
 delete mode 100644 Main2.HTML
 create mode 100644 main.html
 create mode 100644 push.log
 create mode 100755 push.sh
 create mode 100644 script.js
 create mode 100644 style.css
Haciendo push...
branch 'main' set up to track 'origin/main'.
[2025-08-05 07:38:58]  Push exitoso
========== 2025-08-05 07:42:07 ==========
Mensaje de commit (dejar vacío para 'Auto-commit'): Haciendo commit...
[main cd5303b] Añadiendo Readme
 2 files changed, 8 insertions(+)
 create mode 100644 README.md
Haciendo push...
branch 'main' set up to track 'origin/main'.
[2025-08-05 07:42:07]  Push exitoso
========== 2025-08-05 07:42:46 ==========
